<?xml version="1.0" encoding="UTF-8"?>
<!-- Generated by org.testng.reporters.JUnitReportReporter -->
<testsuite hostname="DESKTOP-OC8SAEU" failures="0" tests="1" name="testCases.TC_001" time="3.158" errors="0" timestamp="2022-05-18T09:18:24 BST" skipped="0">
  <testcase classname="testCases.TC_001" name="test1" time="3.158"/>
  <system-out/>
</testsuite> <!-- testCases.TC_001 -->
