<?xml version="1.0" encoding="UTF-8"?>
<!-- Generated by org.testng.reporters.JUnitReportReporter -->
<testsuite hostname="DESKTOP-OC8SAEU" failures="0" tests="1" name="testCases.TC_002" time="0.126" errors="0" timestamp="2022-05-18T09:18:24 BST" skipped="0">
  <testcase classname="testCases.TC_002" name="test2" time="0.126"/>
  <system-out/>
</testsuite> <!-- testCases.TC_002 -->
